<?xml version="1.0" encoding="utf-8"?>
<?AutomationStudio Version=3.0?>
<Transfer xmlns="http://br-automation.co.at/AS/Transfer">
  <OperatingSystem Version="J4.93"/>
  <Hardware Target="SG4"/>
  <Operation Delete="UDP.br"/>
  <Operation Delete="TcpCam.br"/>
  <Operation Delete="Program.br"/>
  <Operation Delete="HMI.br"/>
  <Operation Delete="HMI_Report.br"/>
  <Operation Delete="LocalJog.br"/>
  <Operation Delete="Master.br"/>
  <Operation Delete="MainProc.br"/>
  <Operation Delete="LincolnPS.br"/>
  <Operation Delete="ESAB.br"/>
  <Operation Delete="TML_srv.br"/>
  <Operation Delete="UDP_Client.br"/>
  <Operation Delete="Visu1.br"/>
  <Operation Delete="Visu.br"/>
  <Operation Delete="AsSafety.br"/>
  <Operation Delete="bglibas.br"/>
  <Operation Delete="vcctrend.br"/>
  <Operation Delete="visvc.br"/>
  <Operation Delete="vcclbox.br"/>
  <Operation Delete="vccline.br"/>
  <Operation Delete="vccddbox.br"/>
  <Operation Delete="vccdt.br"/>
  <Operation Delete="vctcal.br"/>
  <Operation Delete="vcdsloc.br"/>
  <Operation Delete="vcpkat.br"/>
  <Operation Delete="vcalarm.br"/>
  <Operation Delete="vcfntttf.br"/>
  <Operation Delete="vcpdsw.br"/>
  <Operation Delete="vcctext.br"/>
  <Operation Delete="vccovl.br"/>
  <Operation Delete="vccshape.br"/>
  <Operation Delete="vccnum.br"/>
  <Operation Delete="vccslider.br"/>
  <Operation Delete="vcpfx20.br"/>
  <Operation Delete="vcdsint.br"/>
  <Operation Delete="vcmgr.br"/>
  <Operation Delete="vccbtn.br"/>
  <Operation Delete="vcbclass.br"/>
  <Operation Delete="vccstr.br"/>
  <Operation Delete="vcrt.br"/>
  <Operation Delete="vccpwd.br"/>
  <Operation Delete="vcfile.br"/>
  <Operation Delete="vccbmp.br"/>
  <Operation Delete="vcchspot.br"/>
  <Operation Delete="astcp.br"/>
  <Operation Delete="dvframe.br"/>
  <Operation Delete="FileUser.br"/>
  <Operation Delete="XMLp_Lib.br"/>
  <Operation Delete="loopconr.br"/>
  <Operation Delete="AsUDP.br"/>
  <Operation Delete="Visu103.br"/>
  <Operation Delete="Visu102.br"/>
  <Operation Delete="Visu101.br"/>
  <Operation Delete="vcshared.br"/>
  <Operation Delete="arialbi.br"/>
  <Operation Delete="arialbd.br"/>
  <Operation Delete="verabd.br"/>
  <Operation Delete="arial.br"/>
  <Operation Delete="Visu03.br"/>
  <Operation Delete="Visu02.br"/>
  <Operation Delete="Visu01.br"/>
  <Operation Delete="brsystem.br"/>
  <Operation Delete="sys_lib.br"/>
  <Operation Delete="vccpopup.br"/>
  <Operation Delete="ashw.br"/>
  <Operation Delete="DataObj.br"/>
  <Operation Delete="vcgclass.br"/>
  <Operation Delete="Acp10man.br"/>
  <Operation Delete="vcpdvnc.br"/>
  <Operation Delete="FileIO.br"/>
  <Operation Delete="astime.br"/>
  <Operation Delete="vcnet.br"/>
  <Operation Download="asfw.br" Memory="SystemROM"/>
  <Operation Download="ashwd.br" Memory="SystemROM"/>
  <Operation Download="arconfig.br" Memory="SystemROM"/>
  <Operation Download="sysconf.br" Memory="SystemROM"/>
  <Operation Restart="warm"/>
  <Operation Download="acp10cfg.br" Memory="UserROM"/>
  <Operation Download="Acp10map.br" Memory="UserROM"/>
  <Operation Download="NcGlobal.br" Memory="UserROM"/>
  <Operation Download="vcresman.br" Memory="UserROM"/>
  <Operation Download="vcnet.br" Memory="UserROM"/>
  <Operation Download="powerlnk.br" Memory="UserROM"/>
  <Operation Download="Acp10par.br" Memory="UserROM"/>
  <Operation Download="Runtime.br" Memory="UserROM"/>
  <Operation Download="astime.br" Memory="UserROM"/>
  <Operation Download="FileIO.br" Memory="UserROM"/>
  <Operation Download="vcpdvnc.br" Memory="UserROM"/>
  <Operation Download="Acp10man.br" Memory="UserROM"/>
  <Operation Download="Acp10sys.br" Memory="UserROM"/>
  <Operation Restart="warm"/>
  <Operation Download="visapi.br" Memory="UserROM"/>
  <Operation Download="standard.br" Memory="UserROM"/>
  <Operation Download="asstring.br" Memory="UserROM"/>
  <Operation Download="vcgclass.br" Memory="UserROM"/>
  <Operation Download="DataObj.br" Memory="UserROM"/>
  <Operation Download="ashw.br" Memory="UserROM"/>
  <Operation Download="vccpopup.br" Memory="UserROM"/>
  <Operation Download="AsXml.br" Memory="UserROM"/>
  <Operation Download="sys_lib.br" Memory="UserROM"/>
  <Operation Download="brsystem.br" Memory="UserROM"/>
  <Operation Download="Visu01.br" Memory="UserROM"/>
  <Operation Download="Visu02.br" Memory="UserROM"/>
  <Operation Download="Visu03.br" Memory="UserROM"/>
  <Operation Download="arial.br" Memory="UserROM"/>
  <Operation Download="verabd.br" Memory="UserROM"/>
  <Operation Download="arialbd.br" Memory="UserROM"/>
  <Operation Download="arialbi.br" Memory="UserROM"/>
  <Operation Download="vcshared.br" Memory="UserROM"/>
  <Operation Download="Visu101.br" Memory="UserROM"/>
  <Operation Download="Visu102.br" Memory="UserROM"/>
  <Operation Download="Visu103.br" Memory="UserROM"/>
  <Operation Download="AsUDP.br" Memory="UserROM"/>
  <Operation Download="asiotime.br" Memory="UserROM"/>
  <Operation Download="loopconr.br" Memory="UserROM"/>
  <Operation Download="XMLp_Lib.br" Memory="UserROM"/>
  <Operation Download="FileUser.br" Memory="UserROM"/>
  <Operation Download="dvframe.br" Memory="UserROM"/>
  <Operation Download="astcp.br" Memory="UserROM"/>
  <Operation Download="TCData.br" Memory="SystemROM"/>
  <Operation Download="udbdef.br" Memory="UserROM"/>
  <Operation Download="vcchspot.br" Memory="UserROM"/>
  <Operation Download="vccbmp.br" Memory="UserROM"/>
  <Operation Download="vcfile.br" Memory="UserROM"/>
  <Operation Download="vccpwd.br" Memory="UserROM"/>
  <Operation Download="vcrt.br" Memory="UserROM"/>
  <Operation Download="vccstr.br" Memory="UserROM"/>
  <Operation Download="vcbclass.br" Memory="UserROM"/>
  <Operation Download="vccbtn.br" Memory="UserROM"/>
  <Operation Download="vcmgr.br" Memory="UserROM"/>
  <Operation Download="vcdsint.br" Memory="UserROM"/>
  <Operation Download="vcpfx20.br" Memory="UserROM"/>
  <Operation Download="vccslider.br" Memory="UserROM"/>
  <Operation Download="vccnum.br" Memory="UserROM"/>
  <Operation Download="vccshape.br" Memory="UserROM"/>
  <Operation Download="vccovl.br" Memory="UserROM"/>
  <Operation Download="vcctext.br" Memory="UserROM"/>
  <Operation Download="vcpdsw.br" Memory="UserROM"/>
  <Operation Download="vcfntttf.br" Memory="UserROM"/>
  <Operation Download="vcalarm.br" Memory="UserROM"/>
  <Operation Download="vcpkat.br" Memory="UserROM"/>
  <Operation Download="vcdsloc.br" Memory="UserROM"/>
  <Operation Download="vctcal.br" Memory="UserROM"/>
  <Operation Download="vccdt.br" Memory="UserROM"/>
  <Operation Download="vccddbox.br" Memory="UserROM"/>
  <Operation Download="vccline.br" Memory="UserROM"/>
  <Operation Download="vcclbox.br" Memory="UserROM"/>
  <Operation Download="visvc.br" Memory="UserROM"/>
  <Operation Download="vcctrend.br" Memory="UserROM"/>
  <Operation Download="ashwac.br" Memory="UserROM"/>
  <Operation Download="iomap.br" Memory="UserROM"/>
  <Operation Download="bglibas.br" Memory="UserROM"/>
  <Operation Download="AsSafety.br" Memory="UserROM"/>
  <Operation Download="ETHERNET.br" Memory="UserROM"/>
  <Operation Download="PermObj_15.br" Memory="UserROM"/>
  <Operation Download="PermObj_16.br" Memory="UserROM"/>
  <Operation Download="PermObj_7.br" Memory="UserROM"/>
  <Operation Download="LogBook1.br" Memory="UserROM"/>
  <Operation Download="PermObj_3.br" Memory="UserROM"/>
  <Operation Download="Visu.br" Memory="UserROM"/>
  <Operation Download="Visu1.br" Memory="UserROM"/>
  <Operation Download="UDP_Client.br" Memory="UserROM"/>
  <Operation Download="TML_srv.br" Memory="UserROM"/>
  <Operation Download="ESAB.br" Memory="UserROM"/>
  <Operation Download="LincolnPS.br" Memory="UserROM"/>
  <Operation Download="MainProc.br" Memory="UserROM"/>
  <Operation Download="Master.br" Memory="UserROM"/>
  <Operation Download="LocalJog.br" Memory="UserROM"/>
  <Operation Download="HMI_Report.br" Memory="UserROM"/>
  <Operation Download="HMI.br" Memory="UserROM"/>
  <Operation Download="Program.br" Memory="UserROM"/>
  <Operation Download="TcpCam.br" Memory="UserROM"/>
  <Operation Download="UDP.br" Memory="UserROM"/>
</Transfer>